<?xml version="1.0" encoding="UTF-8"?>
<testsuite name="User Service API Consumption" tests="3" skipped="0" failures="0" errors="0" timestamp="2024-03-13T03:03:43" hostname="MacBook-Pro-ML-121155.local" time="4.201">
  <properties/>
  <testcase name="Successful message from the create user service" classname="User Service API Consumption" time="2.951"/>
  <testcase name="Get user by user name Success Message" classname="User Service API Consumption" time="0.677"/>
  <testcase name="Delete user by user name Success Message" classname="User Service API Consumption" time="0.573"/>
  <system-out><![CDATA[
@UserCreation
Scenario: Successful message from the create user service               ?[90m# src/test/resources/features/ServiceUser.feature:7?[0m
Step argument class io.cucumber.core.gherkin.messages.GherkinMessagesDataTableArgument
Request method:	GET
Request URI:	https://petstore3.swagger.io/api/v3/user/login?username=Viviana&password=Mora
Proxy:			<none>
Request params:	<none>
Query params:	username=Viviana
				password=Mora
Form params:	<none>
Path params:	<none>
Headers:		Accept=*/*
				Content-Type=application/json; charset=UTF-8
Cookies:		<none>
Multiparts:		<none>
Body:			<none>
  ?[32mWhen ?[0m?[32mthe user sends a request to the create user service?[0m              ?[90m# stepdefinitions.UserServiceStepDefinition.theUserSendsRequestCreateUserService(io.cucumber.datatable.DataTable)?[0m
HTTP/1.1 200 OK
Date: Wed, 13 Mar 2024 03:03:46 GMT
Content-Type: application/json
Content-Length: 43
Connection: keep-alive
Access-Control-Allow-Origin: *
Access-Control-Allow-Methods: GET, POST, DELETE, PUT
Access-Control-Allow-Headers: Content-Type, api_key, Authorization
Access-Control-Expose-Headers: Content-Disposition
X-Rate-Limit: 5000
X-Expires-After: Wed Mar 13 04:03:46 GMT 2024
Server: Jetty(9.4.53.v20231009)

Logged in user session: 1469420327963491683
  ?[32mThen ?[0m?[32mThe user should see a successful response from the user creation?[0m ?[90m# stepdefinitions.UserServiceStepDefinition.theUserShouldSeeASuccessfulResponseFromTheUserCreation()?[0m

@GetUser
Scenario: Get user by user name Success Message                    ?[90m# src/test/resources/features/ServiceUser.feature:14?[0m
Step argument class io.cucumber.core.gherkin.messages.GherkinMessagesDataTableArgument
Request method:	GET
Request URI:	https://petstore3.swagger.io/api/v3/user/theUser
Proxy:			<none>
Request params:	<none>
Query params:	<none>
Form params:	<none>
Path params:	<none>
Headers:		username=theUser
				Accept=*/*
				Content-Type=application/json; charset=UTF-8
Cookies:		<none>
Multiparts:		<none>
Body:			<none>
  ?[32mWhen ?[0m?[32mthe user sends a request to get user by user name?[0m           ?[90m# stepdefinitions.UserServiceStepDefinition.theUserSendsARequestToGetUserByUserName(io.cucumber.datatable.DataTable)?[0m
HTTP/1.1 200 OK
Date: Wed, 13 Mar 2024 03:03:47 GMT
Content-Type: application/json
Content-Length: 143
Connection: keep-alive
Access-Control-Allow-Origin: *
Access-Control-Allow-Methods: GET, POST, DELETE, PUT
Access-Control-Allow-Headers: Content-Type, api_key, Authorization
Access-Control-Expose-Headers: Content-Disposition
Server: Jetty(9.4.53.v20231009)

{
    "id": 10,
    "username": "theUser",
    "firstName": "John",
    "lastName": "James",
    "email": "john@email.com",
    "password": "12345",
    "phone": "12345",
    "userStatus": 1
}
io.restassured.internal.ValidatableResponseImpl@24e2355c
  ?[32mThen ?[0m?[32mThe user should see a successful response user by user name?[0m ?[90m# stepdefinitions.UserServiceStepDefinition.theUserShouldSeeASuccessfulResponseUserByUserName()?[0m

@DeletUser
Scenario: Delete user by user name Success Message                   ?[90m# src/test/resources/features/ServiceUser.feature:20?[0m
Step argument class io.cucumber.core.gherkin.messages.GherkinMessagesDataTableArgument
Request method:	DELETE
Request URI:	https://petstore3.swagger.io/api/v3/user/22222
Proxy:			<none>
Request params:	<none>
Query params:	<none>
Form params:	<none>
Path params:	<none>
Headers:		username=22222
				Accept=*/*
				Content-Type=application/json; charset=UTF-8
Cookies:		<none>
Multiparts:		<none>
Body:			<none>
  ?[32mWhen ?[0m?[32mthe user sends a request to delete user by user name?[0m          ?[90m# stepdefinitions.UserServiceStepDefinition.theUserSendsARequestToDeleteUserByUserName(io.cucumber.datatable.DataTable)?[0m
HTTP/1.1 200 OK
Date: Wed, 13 Mar 2024 03:03:47 GMT
Content-Length: 0
Connection: keep-alive
Access-Control-Allow-Origin: *
Access-Control-Allow-Methods: GET, POST, DELETE, PUT
Access-Control-Allow-Headers: Content-Type, api_key, Authorization
Access-Control-Expose-Headers: Content-Disposition
Server: Jetty(9.4.53.v20231009)
io.restassured.internal.ValidatableResponseImpl@1fca53a7
  ?[32mThen ?[0m?[32mThe user should see a successful response delete by user name?[0m ?[90m# stepdefinitions.UserServiceStepDefinition.theUserShouldSeeASuccessfulResponseDeleteByUserName()?[0m
]]></system-out>
  <system-err><![CDATA[[Test worker] INFO io.cucumber.core.plugin.SerenityReporter - Running feature from file:///Users/usuario/Downloads/PruebasAutomatizadasSwager/src/test/resources/features/ServiceUser.feature
[Test worker] INFO  - 
 _____ _____ ____ _____   ____ _____  _    ____ _____ _____ ____  
|_   _| ____/ ___|_   _| / ___|_   _|/ \  |  _ \_   _| ____|  _ \ 
  | | |  _| \___ \ | |   \___ \ | | / _ \ | |_) || | |  _| | | | |
  | | | |___ ___) || |    ___) || |/ ___ \|  _ < | | | |___| |_| |
  |_| |_____|____/ |_|   |____/ |_/_/   \_\_| \_\|_| |_____|____/ 

Successful message from the create user service(user-service-api-consumption;successful-message-from-the-create-user-service)
-------------------------------------------------------------------
[Test worker] INFO  - 
        __    _____ _____ ____ _____   ____   _    ____  ____  _____ ____  
  _     \ \  |_   _| ____/ ___|_   _| |  _ \ / \  / ___|/ ___|| ____|  _ \ 
 (_)_____| |   | | |  _| \___ \ | |   | |_) / _ \ \___ \\___ \|  _| | | | |
  _|_____| |   | | | |___ ___) || |   |  __/ ___ \ ___) |___) | |___| |_| |
 (_)     | |   |_| |_____|____/ |_|   |_| /_/   \_\____/|____/|_____|____/ 
        /_/                                                                

Successful message from the create user service
----------------------------------------------------------------------------
[Test worker] INFO io.cucumber.core.plugin.SerenityReporter - Running feature from file:///Users/usuario/Downloads/PruebasAutomatizadasSwager/src/test/resources/features/ServiceUser.feature
[Test worker] INFO  - 
 _____ _____ ____ _____   ____ _____  _    ____ _____ _____ ____  
|_   _| ____/ ___|_   _| / ___|_   _|/ \  |  _ \_   _| ____|  _ \ 
  | | |  _| \___ \ | |   \___ \ | | / _ \ | |_) || | |  _| | | | |
  | | | |___ ___) || |    ___) || |/ ___ \|  _ < | | | |___| |_| |
  |_| |_____|____/ |_|   |____/ |_/_/   \_\_| \_\|_| |_____|____/ 

Get user by user name Success Message(user-service-api-consumption;get-user-by-user-name-success-message)
-------------------------------------------------------------------
[Test worker] INFO  - 
        __    _____ _____ ____ _____   ____   _    ____  ____  _____ ____  
  _     \ \  |_   _| ____/ ___|_   _| |  _ \ / \  / ___|/ ___|| ____|  _ \ 
 (_)_____| |   | | |  _| \___ \ | |   | |_) / _ \ \___ \\___ \|  _| | | | |
  _|_____| |   | | | |___ ___) || |   |  __/ ___ \ ___) |___) | |___| |_| |
 (_)     | |   |_| |_____|____/ |_|   |_| /_/   \_\____/|____/|_____|____/ 
        /_/                                                                

Get user by user name Success Message
----------------------------------------------------------------------------
[Test worker] INFO io.cucumber.core.plugin.SerenityReporter - Running feature from file:///Users/usuario/Downloads/PruebasAutomatizadasSwager/src/test/resources/features/ServiceUser.feature
[Test worker] INFO  - 
 _____ _____ ____ _____   ____ _____  _    ____ _____ _____ ____  
|_   _| ____/ ___|_   _| / ___|_   _|/ \  |  _ \_   _| ____|  _ \ 
  | | |  _| \___ \ | |   \___ \ | | / _ \ | |_) || | |  _| | | | |
  | | | |___ ___) || |    ___) || |/ ___ \|  _ < | | | |___| |_| |
  |_| |_____|____/ |_|   |____/ |_/_/   \_\_| \_\|_| |_____|____/ 

Delete user by user name Success Message(user-service-api-consumption;delete-user-by-user-name-success-message)
-------------------------------------------------------------------
[Test worker] INFO  - 
        __    _____ _____ ____ _____   ____   _    ____  ____  _____ ____  
  _     \ \  |_   _| ____/ ___|_   _| |  _ \ / \  / ___|/ ___|| ____|  _ \ 
 (_)_____| |   | | |  _| \___ \ | |   | |_) / _ \ \___ \\___ \|  _| | | | |
  _|_____| |   | | | |___ ___) || |   |  __/ ___ \ ___) |___) | |___| |_| |
 (_)     | |   |_| |_____|____/ |_|   |_| /_/   \_\____/|____/|_____|____/ 
        /_/                                                                

Delete user by user name Success Message
----------------------------------------------------------------------------
]]></system-err>
</testsuite>
